<?xml version="1.0" encoding="UTF-8"?>
<!-- Generated by org.testng.reporters.JUnitXMLReporter -->
<testsuite hostname="MEHUL-PC" ignored="0" name="Test" tests="4" failures="0" timestamp="16 Jan 2019 16:54:07 GMT" time="80.211" errors="0">
  <testcase name="RegisterPage" time="14.792" classname="storePO.HomePageTest"/>
  <testcase name="purchaseTest" time="19.051" classname="storePO.HomePageTest"/>
  <testcase name="purchaseTest" time="13.508" classname="storePO.HomePageTest"/>
  <testcase name="purchaseTest" time="10.867" classname="storePO.HomePageTest"/>
</testsuite> <!-- Test -->
