<?xml version="1.0" encoding="UTF-8"?>
<testsuite xmlns:xsi="http://www.w3.org/2001/XMLSchema-instance" xsi:noNamespaceSchemaLocation="https://maven.apache.org/surefire/maven-surefire-plugin/xsd/surefire-test-report.xsd" name="TestSuite" time="80.738" tests="4" errors="0" skipped="0" failures="0">
  <properties>
[...]
</properties>
  <testcase name="RegisterPage" classname="storePO.HomePageTest" time="14.796"/>
  <testcase name="purchaseTest" classname="storePO.HomePageTest" time="19.05"/>
  <testcase name="purchaseTest" classname="storePO.HomePageTest" time="13.507"/>
  <testcase name="purchaseTest" classname="storePO.HomePageTest" time="10.868"/>
</testsuite>